<?xml version="1.0" encoding="UTF-8"?>
<robot generator="Robot 6.1.1 (Python 3.11.2 on win32)" generated="20231021 13:56:38.651" rpa="false" schemaversion="4">
<suite id="s1" name="TestCase2" source="C:\Users\MSI\Documents\Dstny\RobotFramework-Automation\Tests\TestCases\TestCase2.robot">
<test id="s1-t1" name="TC1: TestCase2" line="10">
<kw name="Get to login page">
<kw name="Open Browser" library="SeleniumLibrary">
<arg>${URL}</arg>
<arg>${BROWSER}</arg>
<doc>Opens a new browser instance to the optional ``url``.</doc>
<msg timestamp="20231021 13:56:38.984" level="INFO">Opening browser 'Chrome' to base url 'https://www.saucedemo.com'.</msg>
<status status="PASS" starttime="20231021 13:56:38.983" endtime="20231021 13:56:41.387"/>
</kw>
<kw name="Maximize Browser Window" library="SeleniumLibrary">
<doc>Maximizes current browser window.</doc>
<status status="PASS" starttime="20231021 13:56:41.388" endtime="20231021 13:56:41.513"/>
</kw>
<status status="PASS" starttime="20231021 13:56:38.983" endtime="20231021 13:56:41.513"/>
</kw>
<kw name="Sign in with user credentials">
<kw name="Wait Until Element Is Visible" library="SeleniumLibrary">
<arg>${USERNAME_FIELD}</arg>
<arg>timeout=10s</arg>
<doc>Waits until the element ``locator`` is visible.</doc>
<status status="PASS" starttime="20231021 13:56:41.514" endtime="20231021 13:56:41.555"/>
</kw>
<kw name="Input Text" library="SeleniumLibrary">
<arg>${USERNAME_FIELD}</arg>
<arg>${USERNAME}</arg>
<doc>Types the given ``text`` into the text field identified by ``locator``.</doc>
<msg timestamp="20231021 13:56:41.557" level="INFO">Typing text 'standard_user' into text field 'id=user-name'.</msg>
<status status="PASS" starttime="20231021 13:56:41.556" endtime="20231021 13:56:41.787"/>
</kw>
<kw name="Input Text" library="SeleniumLibrary">
<arg>${PASSWORD_FIELD}</arg>
<arg>${PASSWORD}</arg>
<doc>Types the given ``text`` into the text field identified by ``locator``.</doc>
<msg timestamp="20231021 13:56:41.789" level="INFO">Typing text 'secret_sauce' into text field 'id=password'.</msg>
<status status="PASS" starttime="20231021 13:56:41.788" endtime="20231021 13:56:41.891"/>
</kw>
<kw name="Click Element" library="SeleniumLibrary">
<arg>${LOGIN_BUTTON}</arg>
<doc>Click the element identified by ``locator``.</doc>
<msg timestamp="20231021 13:56:41.893" level="INFO">Clicking element 'id=login-button'.</msg>
<status status="PASS" starttime="20231021 13:56:41.891" endtime="20231021 13:56:42.006"/>
</kw>
<kw name="Sleep" library="BuiltIn">
<arg>4s</arg>
<doc>Pauses the test executed for the given time.</doc>
<msg timestamp="20231021 13:56:46.007" level="INFO">Slept 4 seconds</msg>
<status status="PASS" starttime="20231021 13:56:42.006" endtime="20231021 13:56:46.007"/>
</kw>
<status status="PASS" starttime="20231021 13:56:41.513" endtime="20231021 13:56:46.007"/>
</kw>
<kw name="Add Item to the cart">
<kw name="Click Element" library="SeleniumLibrary">
<arg>${ADDTOCART_2}</arg>
<doc>Click the element identified by ``locator``.</doc>
<msg timestamp="20231021 13:56:46.009" level="INFO">Clicking element 'id=add-to-cart-sauce-labs-bike-light'.</msg>
<status status="PASS" starttime="20231021 13:56:46.008" endtime="20231021 13:56:46.075"/>
</kw>
<kw name="Sleep" library="BuiltIn">
<arg>1s</arg>
<doc>Pauses the test executed for the given time.</doc>
<msg timestamp="20231021 13:56:47.077" level="INFO">Slept 1 second</msg>
<status status="PASS" starttime="20231021 13:56:46.076" endtime="20231021 13:56:47.077"/>
</kw>
<kw name="Click Element" library="SeleniumLibrary">
<arg>${ADDTOCART_4}</arg>
<doc>Click the element identified by ``locator``.</doc>
<msg timestamp="20231021 13:56:47.077" level="INFO">Clicking element 'id=add-to-cart-sauce-labs-fleece-jacket'.</msg>
<status status="PASS" starttime="20231021 13:56:47.077" endtime="20231021 13:56:47.139"/>
</kw>
<kw name="Sleep" library="BuiltIn">
<arg>1s</arg>
<doc>Pauses the test executed for the given time.</doc>
<msg timestamp="20231021 13:56:48.139" level="INFO">Slept 1 second</msg>
<status status="PASS" starttime="20231021 13:56:47.139" endtime="20231021 13:56:48.139"/>
</kw>
<status status="PASS" starttime="20231021 13:56:46.008" endtime="20231021 13:56:48.139"/>
</kw>
<kw name="Check Added Items in Shopping cart">
<kw name="Click Element" library="SeleniumLibrary">
<arg>${SHOPPING_CART}</arg>
<doc>Click the element identified by ``locator``.</doc>
<msg timestamp="20231021 13:56:48.141" level="INFO">Clicking element 'xpath=//*[@id="shopping_cart_container"]/a'.</msg>
<status status="PASS" starttime="20231021 13:56:48.139" endtime="20231021 13:56:48.199"/>
</kw>
<kw name="Sleep" library="BuiltIn">
<arg>2s</arg>
<doc>Pauses the test executed for the given time.</doc>
<msg timestamp="20231021 13:56:50.199" level="INFO">Slept 2 seconds</msg>
<status status="PASS" starttime="20231021 13:56:48.199" endtime="20231021 13:56:50.199"/>
</kw>
<kw name="Get Text" library="SeleniumLibrary">
<var>${Bike_Light_Label}</var>
<arg>${SHOPPING_CART_BIKE_LIGHT_TITLE}</arg>
<doc>Returns the text value of the element identified by ``locator``.</doc>
<msg timestamp="20231021 13:56:50.241" level="INFO">${Bike_Light_Label} = Sauce Labs Bike Light</msg>
<status status="PASS" starttime="20231021 13:56:50.199" endtime="20231021 13:56:50.241"/>
</kw>
<kw name="Should Be Equal As Strings" library="BuiltIn">
<arg>${Bike_Light_Label}</arg>
<arg>Sauce Labs Bike Light</arg>
<doc>Fails if objects are unequal after converting them to strings.</doc>
<status status="PASS" starttime="20231021 13:56:50.241" endtime="20231021 13:56:50.241"/>
</kw>
<kw name="Get Text" library="SeleniumLibrary">
<var>${Fleece_Jacket_Label}</var>
<arg>${SHOPPING_CART_FLEECE_JACKET_TITLE}</arg>
<doc>Returns the text value of the element identified by ``locator``.</doc>
<msg timestamp="20231021 13:56:50.257" level="INFO">${Fleece_Jacket_Label} = Sauce Labs Fleece Jacket</msg>
<status status="PASS" starttime="20231021 13:56:50.241" endtime="20231021 13:56:50.257"/>
</kw>
<kw name="Should Be Equal As Strings" library="BuiltIn">
<arg>${Fleece_Jacket_Label}</arg>
<arg>Sauce Labs Fleece Jacket</arg>
<doc>Fails if objects are unequal after converting them to strings.</doc>
<status status="PASS" starttime="20231021 13:56:50.257" endtime="20231021 13:56:50.258"/>
</kw>
<kw name="Sleep" library="BuiltIn">
<arg>2s</arg>
<doc>Pauses the test executed for the given time.</doc>
<msg timestamp="20231021 13:56:52.259" level="INFO">Slept 2 seconds</msg>
<status status="PASS" starttime="20231021 13:56:50.258" endtime="20231021 13:56:52.259"/>
</kw>
<status status="PASS" starttime="20231021 13:56:48.139" endtime="20231021 13:56:52.259"/>
</kw>
<kw name="Checkout Process">
<kw name="Click Element" library="SeleniumLibrary">
<arg>${CHECKOUT_BUTTON}</arg>
<doc>Click the element identified by ``locator``.</doc>
<msg timestamp="20231021 13:56:52.260" level="INFO">Clicking element 'id=checkout'.</msg>
<status status="PASS" starttime="20231021 13:56:52.259" endtime="20231021 13:56:52.311"/>
</kw>
<kw name="Sleep" library="BuiltIn">
<arg>2s</arg>
<doc>Pauses the test executed for the given time.</doc>
<msg timestamp="20231021 13:56:54.312" level="INFO">Slept 2 seconds</msg>
<status status="PASS" starttime="20231021 13:56:52.311" endtime="20231021 13:56:54.312"/>
</kw>
<kw name="Input Text" library="SeleniumLibrary">
<arg>${CHECKOUT_FIRSTNAME}</arg>
<arg>${FIRSTNAME}</arg>
<doc>Types the given ``text`` into the text field identified by ``locator``.</doc>
<msg timestamp="20231021 13:56:54.313" level="INFO">Typing text 'Shanka' into text field 'id=first-name'.</msg>
<status status="PASS" starttime="20231021 13:56:54.312" endtime="20231021 13:56:54.402"/>
</kw>
<kw name="Input Text" library="SeleniumLibrary">
<arg>${CHECKOUT_LASTNAME}</arg>
<arg>${LASTNAME}</arg>
<doc>Types the given ``text`` into the text field identified by ``locator``.</doc>
<msg timestamp="20231021 13:56:54.403" level="INFO">Typing text 'Koththagoda' into text field 'id=last-name'.</msg>
<status status="PASS" starttime="20231021 13:56:54.402" endtime="20231021 13:56:54.489"/>
</kw>
<kw name="Input Text" library="SeleniumLibrary">
<arg>${CHECKOUT_ZIPCODE}</arg>
<arg>${POSTALCODE}</arg>
<doc>Types the given ``text`` into the text field identified by ``locator``.</doc>
<msg timestamp="20231021 13:56:54.490" level="INFO">Typing text '113 51' into text field 'id=postal-code'.</msg>
<status status="PASS" starttime="20231021 13:56:54.489" endtime="20231021 13:56:54.561"/>
</kw>
<kw name="Click Element" library="SeleniumLibrary">
<arg>${CHECKOUT_CONTINUE}</arg>
<doc>Click the element identified by ``locator``.</doc>
<msg timestamp="20231021 13:56:54.562" level="INFO">Clicking element 'id=continue'.</msg>
<status status="PASS" starttime="20231021 13:56:54.561" endtime="20231021 13:56:54.613"/>
</kw>
<kw name="Sleep" library="BuiltIn">
<arg>2s</arg>
<doc>Pauses the test executed for the given time.</doc>
<msg timestamp="20231021 13:56:56.613" level="INFO">Slept 2 seconds</msg>
<status status="PASS" starttime="20231021 13:56:54.613" endtime="20231021 13:56:56.613"/>
</kw>
<kw name="Get Text" library="SeleniumLibrary">
<var>${Bike_Light_Quantity}</var>
<arg>${SHOPPING_CART_BIKE_LIGHT_QUANTITY}</arg>
<doc>Returns the text value of the element identified by ``locator``.</doc>
<msg timestamp="20231021 13:56:56.651" level="INFO">${Bike_Light_Quantity} = 1</msg>
<status status="PASS" starttime="20231021 13:56:56.613" endtime="20231021 13:56:56.651"/>
</kw>
<kw name="Should Be Equal As Strings" library="BuiltIn">
<arg>${Bike_Light_Quantity}</arg>
<arg>1</arg>
<doc>Fails if objects are unequal after converting them to strings.</doc>
<status status="PASS" starttime="20231021 13:56:56.651" endtime="20231021 13:56:56.652"/>
</kw>
<kw name="Get Text" library="SeleniumLibrary">
<var>${Fleece_Jacket_Quantity}</var>
<arg>${SHOPPING_CART_FLEECE_JACKET_QUANTITY}</arg>
<doc>Returns the text value of the element identified by ``locator``.</doc>
<msg timestamp="20231021 13:56:56.694" level="INFO">${Fleece_Jacket_Quantity} = 1</msg>
<status status="PASS" starttime="20231021 13:56:56.652" endtime="20231021 13:56:56.694"/>
</kw>
<kw name="Should Be Equal As Strings" library="BuiltIn">
<arg>${Fleece_Jacket_Quantity}</arg>
<arg>1</arg>
<doc>Fails if objects are unequal after converting them to strings.</doc>
<status status="PASS" starttime="20231021 13:56:56.695" endtime="20231021 13:56:56.695"/>
</kw>
<kw name="Get Text" library="SeleniumLibrary">
<var>${Checkout_Total}</var>
<arg>${CHECKOUT_TOTAL_VALUE}</arg>
<doc>Returns the text value of the element identified by ``locator``.</doc>
<msg timestamp="20231021 13:56:56.719" level="INFO">${Checkout_Total} = Total: $64.78</msg>
<status status="PASS" starttime="20231021 13:56:56.695" endtime="20231021 13:56:56.719"/>
</kw>
<kw name="Should Be Equal As Strings" library="BuiltIn">
<arg>${Checkout_Total}</arg>
<arg>Total: $64.78</arg>
<doc>Fails if objects are unequal after converting them to strings.</doc>
<status status="PASS" starttime="20231021 13:56:56.719" endtime="20231021 13:56:56.719"/>
</kw>
<kw name="Sleep" library="BuiltIn">
<arg>2s</arg>
<doc>Pauses the test executed for the given time.</doc>
<msg timestamp="20231021 13:56:58.721" level="INFO">Slept 2 seconds</msg>
<status status="PASS" starttime="20231021 13:56:56.719" endtime="20231021 13:56:58.721"/>
</kw>
<kw name="Click Element" library="SeleniumLibrary">
<arg>${CHECKOUT_FINISH_BUTTON}</arg>
<doc>Click the element identified by ``locator``.</doc>
<msg timestamp="20231021 13:56:58.721" level="INFO">Clicking element 'id=finish'.</msg>
<status status="PASS" starttime="20231021 13:56:58.721" endtime="20231021 13:56:58.768"/>
</kw>
<kw name="Sleep" library="BuiltIn">
<arg>2s</arg>
<doc>Pauses the test executed for the given time.</doc>
<msg timestamp="20231021 13:57:00.769" level="INFO">Slept 2 seconds</msg>
<status status="PASS" starttime="20231021 13:56:58.769" endtime="20231021 13:57:00.769"/>
</kw>
<kw name="Get Text" library="SeleniumLibrary">
<var>${Thank_you_message}</var>
<arg>${CHECKOUT_THANK_YOU_LABEL}</arg>
<doc>Returns the text value of the element identified by ``locator``.</doc>
<msg timestamp="20231021 13:57:00.786" level="INFO">${Thank_you_message} = Thank you for your order!</msg>
<status status="PASS" starttime="20231021 13:57:00.769" endtime="20231021 13:57:00.786"/>
</kw>
<kw name="Should Be Equal As Strings" library="BuiltIn">
<arg>${Thank_you_message}</arg>
<arg>Thank you for your order!</arg>
<doc>Fails if objects are unequal after converting them to strings.</doc>
<status status="PASS" starttime="20231021 13:57:00.786" endtime="20231021 13:57:00.786"/>
</kw>
<kw name="Sleep" library="BuiltIn">
<arg>2s</arg>
<doc>Pauses the test executed for the given time.</doc>
<msg timestamp="20231021 13:57:02.786" level="INFO">Slept 2 seconds</msg>
<status status="PASS" starttime="20231021 13:57:00.786" endtime="20231021 13:57:02.786"/>
</kw>
<status status="PASS" starttime="20231021 13:56:52.259" endtime="20231021 13:57:02.786"/>
</kw>
<kw name="Log" library="BuiltIn">
<arg>TestCase 2 Passed Successfully</arg>
<doc>Logs the given message with the given level.</doc>
<msg timestamp="20231021 13:57:02.787" level="INFO">TestCase 2 Passed Successfully</msg>
<status status="PASS" starttime="20231021 13:57:02.787" endtime="20231021 13:57:02.787"/>
</kw>
<status status="PASS" starttime="20231021 13:56:38.983" endtime="20231021 13:57:02.788"/>
</test>
<status status="PASS" starttime="20231021 13:56:38.652" endtime="20231021 13:57:02.791"/>
</suite>
<statistics>
<total>
<stat pass="1" fail="0" skip="0">All Tests</stat>
</total>
<tag>
</tag>
<suite>
<stat pass="1" fail="0" skip="0" id="s1" name="TestCase2">TestCase2</stat>
</suite>
</statistics>
<errors>
<msg timestamp="20231021 13:56:38.753" level="ERROR">Error in file 'C:\Users\MSI\Documents\Dstny\RobotFramework-Automation\Tests\TestCases\TestCase2.robot' on line 2: Initializing library 'Browser' with no arguments failed: Could not find node dependencies in installation directory `C:\Users\MSI\AppData\Roaming\Python\Python311\site-packages\Browser\wrapper.` Run `rfbrowser init` to install the dependencies.
Traceback (most recent call last):
  File "C:\Users\MSI\AppData\Roaming\Python\Python311\site-packages\Browser\browser.py", line 798, in __init__
    self.playwright = Playwright(
                      ^^^^^^^^^^^
  File "C:\Users\MSI\AppData\Roaming\Python\Python311\site-packages\Browser\playwright.py", line 51, in __init__
    self.ensure_node_dependencies()
  File "C:\Users\MSI\AppData\Roaming\Python\Python311\site-packages\Browser\playwright.py", line 81, in ensure_node_dependencies
    raise RuntimeError(
RuntimeError: Could not find node dependencies in installation directory `C:\Users\MSI\AppData\Roaming\Python\Python311\site-packages\Browser\wrapper.` Run `rfbrowser init` to install the dependencies.</msg>
<msg timestamp="20231021 13:56:38.756" level="ERROR">Error in file 'C:\Users\MSI\Documents\Dstny\RobotFramework-Automation\Tests\TestCases\TestCase2.robot' on line 3: Importing library 'FakerLibrary' failed: ModuleNotFoundError: No module named 'FakerLibrary'
Traceback (most recent call last):
  None
PYTHONPATH:
  C:\Users\MSI\Documents\Dstny\RobotFramework-Automation
  C:\Program Files\Python311\python311.zip
  C:\Program Files\Python311\DLLs
  C:\Program Files\Python311\Lib
  C:\Program Files\Python311
  C:\Users\MSI\AppData\Roaming\Python\Python311\site-packages
  C:\Program Files\Python311\Lib\site-packages</msg>
<msg timestamp="20231021 13:56:38.927" level="ERROR">Error in file 'C:\Users\MSI\Documents\Dstny\RobotFramework-Automation\Resources\Data\Variables.robot' on line 2: Initializing library 'Browser' with no arguments failed: Could not find node dependencies in installation directory `C:\Users\MSI\AppData\Roaming\Python\Python311\site-packages\Browser\wrapper.` Run `rfbrowser init` to install the dependencies.
Traceback (most recent call last):
  File "C:\Users\MSI\AppData\Roaming\Python\Python311\site-packages\Browser\browser.py", line 798, in __init__
    self.playwright = Playwright(
                      ^^^^^^^^^^^
  File "C:\Users\MSI\AppData\Roaming\Python\Python311\site-packages\Browser\playwright.py", line 51, in __init__
    self.ensure_node_dependencies()
  File "C:\Users\MSI\AppData\Roaming\Python\Python311\site-packages\Browser\playwright.py", line 81, in ensure_node_dependencies
    raise RuntimeError(
RuntimeError: Could not find node dependencies in installation directory `C:\Users\MSI\AppData\Roaming\Python\Python311\site-packages\Browser\wrapper.` Run `rfbrowser init` to install the dependencies.</msg>
<msg timestamp="20231021 13:56:38.930" level="ERROR">Error in file 'C:\Users\MSI\Documents\Dstny\RobotFramework-Automation\Resources\Data\Variables.robot' on line 3: Importing library 'FakerLibrary' failed: ModuleNotFoundError: No module named 'FakerLibrary'
Traceback (most recent call last):
  None
PYTHONPATH:
  C:\Users\MSI\Documents\Dstny\RobotFramework-Automation
  C:\Program Files\Python311\python311.zip
  C:\Program Files\Python311\DLLs
  C:\Program Files\Python311\Lib
  C:\Program Files\Python311
  C:\Users\MSI\AppData\Roaming\Python\Python311\site-packages
  C:\Program Files\Python311\Lib\site-packages</msg>
<msg timestamp="20231021 13:56:38.948" level="ERROR">Error in file 'C:\Users\MSI\Documents\Dstny\RobotFramework-Automation\Resources\Data\Selectors.robot' on line 2: Initializing library 'Browser' with no arguments failed: Could not find node dependencies in installation directory `C:\Users\MSI\AppData\Roaming\Python\Python311\site-packages\Browser\wrapper.` Run `rfbrowser init` to install the dependencies.
Traceback (most recent call last):
  File "C:\Users\MSI\AppData\Roaming\Python\Python311\site-packages\Browser\browser.py", line 798, in __init__
    self.playwright = Playwright(
                      ^^^^^^^^^^^
  File "C:\Users\MSI\AppData\Roaming\Python\Python311\site-packages\Browser\playwright.py", line 51, in __init__
    self.ensure_node_dependencies()
  File "C:\Users\MSI\AppData\Roaming\Python\Python311\site-packages\Browser\playwright.py", line 81, in ensure_node_dependencies
    raise RuntimeError(
RuntimeError: Could not find node dependencies in installation directory `C:\Users\MSI\AppData\Roaming\Python\Python311\site-packages\Browser\wrapper.` Run `rfbrowser init` to install the dependencies.</msg>
<msg timestamp="20231021 13:56:38.950" level="ERROR">Error in file 'C:\Users\MSI\Documents\Dstny\RobotFramework-Automation\Resources\Data\Selectors.robot' on line 3: Importing library 'FakerLibrary' failed: ModuleNotFoundError: No module named 'FakerLibrary'
Traceback (most recent call last):
  None
PYTHONPATH:
  C:\Users\MSI\Documents\Dstny\RobotFramework-Automation
  C:\Program Files\Python311\python311.zip
  C:\Program Files\Python311\DLLs
  C:\Program Files\Python311\Lib
  C:\Program Files\Python311
  C:\Users\MSI\AppData\Roaming\Python\Python311\site-packages
  C:\Program Files\Python311\Lib\site-packages</msg>
<msg timestamp="20231021 13:56:38.976" level="ERROR">Error in file 'C:\Users\MSI\Documents\Dstny\RobotFramework-Automation\Resources\Data\Credentials.robot' on line 2: Initializing library 'Browser' with no arguments failed: Could not find node dependencies in installation directory `C:\Users\MSI\AppData\Roaming\Python\Python311\site-packages\Browser\wrapper.` Run `rfbrowser init` to install the dependencies.
Traceback (most recent call last):
  File "C:\Users\MSI\AppData\Roaming\Python\Python311\site-packages\Browser\browser.py", line 798, in __init__
    self.playwright = Playwright(
                      ^^^^^^^^^^^
  File "C:\Users\MSI\AppData\Roaming\Python\Python311\site-packages\Browser\playwright.py", line 51, in __init__
    self.ensure_node_dependencies()
  File "C:\Users\MSI\AppData\Roaming\Python\Python311\site-packages\Browser\playwright.py", line 81, in ensure_node_dependencies
    raise RuntimeError(
RuntimeError: Could not find node dependencies in installation directory `C:\Users\MSI\AppData\Roaming\Python\Python311\site-packages\Browser\wrapper.` Run `rfbrowser init` to install the dependencies.</msg>
<msg timestamp="20231021 13:56:38.980" level="ERROR">Error in file 'C:\Users\MSI\Documents\Dstny\RobotFramework-Automation\Resources\Data\Credentials.robot' on line 3: Importing library 'FakerLibrary' failed: ModuleNotFoundError: No module named 'FakerLibrary'
Traceback (most recent call last):
  None
PYTHONPATH:
  C:\Users\MSI\Documents\Dstny\RobotFramework-Automation
  C:\Program Files\Python311\python311.zip
  C:\Program Files\Python311\DLLs
  C:\Program Files\Python311\Lib
  C:\Program Files\Python311
  C:\Users\MSI\AppData\Roaming\Python\Python311\site-packages
  C:\Program Files\Python311\Lib\site-packages</msg>
</errors>
</robot>
